Thu Mar 21 2013 10:32:01 GMT-0700 (PDT): aaron to jerry. now: 1
Thu Mar 21 2013 11:43:39 GMT-0700 (PDT): paul to aaron. now: 1
Thu Mar 21 2013 13:24:48 GMT-0700 (PDT): aaron to pat. now: 1
Thu Mar 21 2013 13:49:19 GMT-0700 (PDT): nate to ryan. now: 1
Thu Mar 21 2013 13:49:24 GMT-0700 (PDT): kenichi to amber. now: 1
Thu Mar 21 2013 13:49:32 GMT-0700 (PDT): jerry to aaron. now: 1
Thu Mar 21 2013 13:49:35 GMT-0700 (PDT): aaron to jerry. now: 2
Thu Mar 21 2013 13:49:42 GMT-0700 (PDT): ryan to nate. now: 1
Thu Mar 21 2013 13:51:14 GMT-0700 (PDT): amber to kenichi. now: 1
Thu Mar 21 2013 13:51:31 GMT-0700 (PDT): robin to shawna. now: 1
Thu Mar 21 2013 13:51:37 GMT-0700 (PDT): shawna to robin. now: 1
Thu Mar 21 2013 14:08:51 GMT-0700 (PDT): kenichi to nate. now: 1
Thu Mar 21 2013 14:08:58 GMT-0700 (PDT): kenichi to nate. now: 2
Thu Mar 21 2013 14:19:13 GMT-0700 (PDT): kenichi to aaron. now: 1
Thu Mar 21 2013 14:19:22 GMT-0700 (PDT): aaron to kenichi. now: 1
Thu Mar 21 2013 14:19:33 GMT-0700 (PDT): kenichi to aaron. now: 2
Thu Mar 21 2013 14:19:35 GMT-0700 (PDT): kenichi to aaron. now: 3
Thu Mar 21 2013 14:22:08 GMT-0700 (PDT): aaron to kenichi. now: 2
Thu Mar 21 2013 14:30:41 GMT-0700 (PDT): kenichi to aaron. now: 4
Thu Mar 21 2013 14:31:43 GMT-0700 (PDT): kenichi to aaron. now: 5
Thu Mar 21 2013 14:31:57 GMT-0700 (PDT): kenichi to aaron. now: 6
Thu Mar 21 2013 14:32:54 GMT-0700 (PDT): kenichi to aaron. now: 7
Thu Mar 21 2013 14:33:22 GMT-0700 (PDT): kenichi to aaron. now: 8
Thu Mar 21 2013 14:33:43 GMT-0700 (PDT): kenichi to aaron. now: 9
Thu Mar 21 2013 14:34:16 GMT-0700 (PDT): kenichi to aaron. now: 10
Thu Mar 21 2013 14:34:18 GMT-0700 (PDT): kenichi to aaron. now: 11
Thu Mar 21 2013 14:34:44 GMT-0700 (PDT): kenichi to aaron. now: 12
Thu Mar 21 2013 14:34:48 GMT-0700 (PDT): aaron to kenichi. now: 3
Thu Mar 21 2013 14:34:50 GMT-0700 (PDT): aaron to kenichi. now: 4
Thu Mar 21 2013 14:34:52 GMT-0700 (PDT): aaron to kenichi. now: 5
Thu Mar 21 2013 14:38:18 GMT-0700 (PDT): aaron to kenichi. now: 6
Thu Mar 21 2013 14:38:20 GMT-0700 (PDT): aaron to kenichi. now: 7
Thu Mar 21 2013 14:38:21 GMT-0700 (PDT): aaron to kenichi. now: 8
Thu Mar 21 2013 14:38:23 GMT-0700 (PDT): aaron to kenichi. now: 9
Thu Mar 21 2013 14:38:24 GMT-0700 (PDT): aaron to kenichi. now: 10
Thu Mar 21 2013 14:38:26 GMT-0700 (PDT): aaron to kenichi. now: 11
Thu Mar 21 2013 14:38:30 GMT-0700 (PDT): aaron to kenichi. now: 12
Thu Mar 21 2013 14:38:34 GMT-0700 (PDT): nate to shawna. now: 1
Thu Mar 21 2013 14:40:29 GMT-0700 (PDT): paul to jerry. now: 1
Thu Mar 21 2013 14:40:35 GMT-0700 (PDT): paul to pat. now: 1
Thu Mar 21 2013 14:42:09 GMT-0700 (PDT): kenichi to court. now: 1
Thu Mar 21 2013 14:43:32 GMT-0700 (PDT): ryan to jen. now: 1
Thu Mar 21 2013 14:43:39 GMT-0700 (PDT): pat to paul. now: 1
Thu Mar 21 2013 14:44:49 GMT-0700 (PDT): robin to pat. now: 1
Thu Mar 21 2013 14:45:50 GMT-0700 (PDT): jen to ryan. now: 1
Thu Mar 21 2013 14:45:52 GMT-0700 (PDT): shawna to nate. now: 1
Thu Mar 21 2013 14:45:53 GMT-0700 (PDT): jerry to paul. now: 1
Thu Mar 21 2013 14:45:55 GMT-0700 (PDT): pat to robin. now: 1
Thu Mar 21 2013 14:45:57 GMT-0700 (PDT): court to kenichi. now: 1
Thu Mar 21 2013 14:46:04 GMT-0700 (PDT): kenichi to josh. now: 1
Thu Mar 21 2013 14:46:40 GMT-0700 (PDT): nate to paul. now: 1
Thu Mar 21 2013 14:47:50 GMT-0700 (PDT): josh to court. now: 1
Thu Mar 21 2013 14:48:21 GMT-0700 (PDT): pat to ryan. now: 1
Thu Mar 21 2013 14:52:00 GMT-0700 (PDT): nate to aaron. now: 1
Thu Mar 21 2013 14:52:03 GMT-0700 (PDT): aaron to nate. now: 1
Thu Mar 21 2013 14:53:08 GMT-0700 (PDT): nate to aaron. now: 2
Thu Mar 21 2013 14:53:18 GMT-0700 (PDT): kenichi to amber. now: 1
Thu Mar 21 2013 14:54:47 GMT-0700 (PDT): paul to wayne. now: 1
Thu Mar 21 2013 14:55:25 GMT-0700 (PDT): paul to shawna. now: 1
Thu Mar 21 2013 14:55:28 GMT-0700 (PDT): shawna to paul. now: 1
Thu Mar 21 2013 14:55:37 GMT-0700 (PDT): paul to shawna. now: 2
Thu Mar 21 2013 14:55:47 GMT-0700 (PDT): shawna to paul. now: 2
Thu Mar 21 2013 14:56:00 GMT-0700 (PDT): aaron to nate. now: 2
Thu Mar 21 2013 14:56:03 GMT-0700 (PDT): aaron to nate. now: 3
Thu Mar 21 2013 14:56:04 GMT-0700 (PDT): nate to aaron. now: 3
Thu Mar 21 2013 14:56:07 GMT-0700 (PDT): nate to aaron. now: 4
Thu Mar 21 2013 14:57:04 GMT-0700 (PDT): wayne to paul. now: 1
Thu Mar 21 2013 14:57:51 GMT-0700 (PDT): aaron to nate. now: 4
Thu Mar 21 2013 14:57:53 GMT-0700 (PDT): paul to nate. now: 1
Thu Mar 21 2013 14:57:54 GMT-0700 (PDT): josh to kenichi. now: 1
Thu Mar 21 2013 14:57:58 GMT-0700 (PDT): court to josh. now: 1
Thu Mar 21 2013 14:58:02 GMT-0700 (PDT): amber to kenichi. now: 1
Thu Mar 21 2013 14:58:07 GMT-0700 (PDT): pat to ryan. now: 2
Thu Mar 21 2013 14:59:21 GMT-0700 (PDT): ryan to pat. now: 1
Thu Mar 21 2013 14:59:24 GMT-0700 (PDT): ryan to pat. now: 2
Thu Mar 21 2013 14:59:26 GMT-0700 (PDT): pat to ryan. now: 3
Thu Mar 21 2013 14:59:29 GMT-0700 (PDT): ryan to pat. now: 3
Thu Mar 21 2013 14:59:30 GMT-0700 (PDT): pat to kenichi. now: 1
Thu Mar 21 2013 14:59:32 GMT-0700 (PDT): pat to kenichi. now: 2
Thu Mar 21 2013 15:00:31 GMT-0700 (PDT): pat to ryan. now: 4
Thu Mar 21 2013 15:00:33 GMT-0700 (PDT): pat to paul. now: 2
Thu Mar 21 2013 15:01:37 GMT-0700 (PDT): ryan to pat. now: 4
Thu Mar 21 2013 15:02:04 GMT-0700 (PDT): kenichi to pat. now: 1
Thu Mar 21 2013 15:02:06 GMT-0700 (PDT): kenichi to pat. now: 2
Thu Mar 21 2013 15:02:10 GMT-0700 (PDT): paul to pat. now: 2
Thu Mar 21 2013 15:02:14 GMT-0700 (PDT): pat to kenichi. now: 3
Thu Mar 21 2013 15:02:17 GMT-0700 (PDT): kenichi to pat. now: 3
Thu Mar 21 2013 15:02:18 GMT-0700 (PDT): pat to kenichi. now: 4
Thu Mar 21 2013 15:02:25 GMT-0700 (PDT): kenichi to pat. now: 4
Thu Mar 21 2013 15:05:36 GMT-0700 (PDT): nate to paul. now: 2
Thu Mar 21 2013 15:05:38 GMT-0700 (PDT): paul to nate. now: 2
Thu Mar 21 2013 15:10:29 GMT-0700 (PDT): paul to nate. now: 3
Thu Mar 21 2013 15:10:51 GMT-0700 (PDT): nate to paul. now: 3
Thu Mar 21 2013 15:10:52 GMT-0700 (PDT): nate to paul. now: 4
Thu Mar 21 2013 15:10:55 GMT-0700 (PDT): pat to ryan. now: 5
Thu Mar 21 2013 15:10:58 GMT-0700 (PDT): ryan to pat. now: 5
Thu Mar 21 2013 15:11:21 GMT-0700 (PDT): josh to jerry. now: 1
Thu Mar 21 2013 15:11:22 GMT-0700 (PDT): jerry to josh. now: 1
Thu Mar 21 2013 15:12:16 GMT-0700 (PDT): paul to nate. now: 4
Thu Mar 21 2013 15:12:21 GMT-0700 (PDT): nate to ryan. now: 1
Thu Mar 21 2013 15:12:23 GMT-0700 (PDT): ryan to nate. now: 1
Thu Mar 21 2013 15:12:25 GMT-0700 (PDT): nate to ryan. now: 2
Fri Mar 22 2013 08:18:12 GMT-0700 (PDT): nate to ryan. now: 3
Fri Mar 22 2013 08:28:18 GMT-0700 (PDT): kenichi to aaron. now: 13
Fri Mar 22 2013 08:29:00 GMT-0700 (PDT): pat to robin. now: 2
Fri Mar 22 2013 08:32:27 GMT-0700 (PDT): josh to wayne. now: 1
Fri Mar 22 2013 08:32:40 GMT-0700 (PDT): jerry to court. now: 1
Fri Mar 22 2013 08:32:43 GMT-0700 (PDT): court to jerry. now: 1
Fri Mar 22 2013 08:32:46 GMT-0700 (PDT): wayne to josh. now: 1
Fri Mar 22 2013 08:32:47 GMT-0700 (PDT): aaron to kenichi. now: 13
Fri Mar 22 2013 08:32:49 GMT-0700 (PDT): ryan to nate. now: 2
Fri Mar 22 2013 08:32:50 GMT-0700 (PDT): robin to pat. now: 2
Fri Mar 22 2013 08:32:52 GMT-0700 (PDT): ryan to nate. now: 3
Fri Mar 22 2013 08:32:56 GMT-0700 (PDT): kenichi to aaron. now: 14
Fri Mar 22 2013 08:33:10 GMT-0700 (PDT): aaron to kenichi. now: 14
Fri Mar 22 2013 08:33:26 GMT-0700 (PDT): nate to aaron. now: 5
Fri Mar 22 2013 08:33:53 GMT-0700 (PDT): aaron to nate. now: 5
Fri Mar 22 2013 08:33:55 GMT-0700 (PDT): nate to aaron. now: 6
Fri Mar 22 2013 08:33:56 GMT-0700 (PDT): amber to aaron. now: 1
Fri Mar 22 2013 08:47:21 GMT-0700 (PDT): pat to robin. now: 3
Fri Mar 22 2013 08:54:33 GMT-0700 (PDT): kenichi to wayne. now: 1
Fri Mar 22 2013 08:54:36 GMT-0700 (PDT): court to aaron. now: 1
Fri Mar 22 2013 08:54:40 GMT-0700 (PDT): aaron to shawna. now: 1
Fri Mar 22 2013 08:54:47 GMT-0700 (PDT): shawna to aaron. now: 1
Fri Mar 22 2013 09:21:26 GMT-0700 (PDT): pat to ryan. now: 6
Fri Mar 22 2013 09:22:55 GMT-0700 (PDT): paul to jen. now: 1
Fri Mar 22 2013 09:41:09 GMT-0700 (PDT): pat to jen. now: 1
Fri Mar 22 2013 09:41:12 GMT-0700 (PDT): jen to robin. now: 1
Fri Mar 22 2013 09:41:14 GMT-0700 (PDT): jen to ryan. now: 2
Fri Mar 22 2013 09:41:15 GMT-0700 (PDT): jen to shawna. now: 1
Fri Mar 22 2013 09:41:16 GMT-0700 (PDT): jen to wayne. now: 1
Fri Mar 22 2013 09:41:18 GMT-0700 (PDT): jen to aaron. now: 1
Fri Mar 22 2013 09:41:20 GMT-0700 (PDT): jen to amber. now: 1
Fri Mar 22 2013 09:41:22 GMT-0700 (PDT): jen to court. now: 1
Fri Mar 22 2013 09:41:23 GMT-0700 (PDT): jen to jerry. now: 1
Fri Mar 22 2013 09:41:25 GMT-0700 (PDT): jen to josh. now: 1
Fri Mar 22 2013 09:41:26 GMT-0700 (PDT): jen to kenichi. now: 1
Fri Mar 22 2013 09:41:28 GMT-0700 (PDT): jen to nate. now: 1
Fri Mar 22 2013 09:52:47 GMT-0700 (PDT): robin to jen. now: 1
Fri Mar 22 2013 09:52:49 GMT-0700 (PDT): ryan to jerry. now: 1
Fri Mar 22 2013 09:53:35 GMT-0700 (PDT): robin to pat. now: 3
Fri Mar 22 2013 09:53:39 GMT-0700 (PDT): ryan to pat. now: 6
Fri Mar 22 2013 09:58:03 GMT-0700 (PDT): aaron to aaron. now: 1
Fri Mar 22 2013 09:58:11 GMT-0700 (PDT): wayne to kenichi. now: 1
Fri Mar 22 2013 09:58:14 GMT-0700 (PDT): wayne to jen. now: 1
Fri Mar 22 2013 09:58:15 GMT-0700 (PDT): shawna to jen. now: 1
Fri Mar 22 2013 09:58:17 GMT-0700 (PDT): ryan to jerry. now: 2
Fri Mar 22 2013 09:58:20 GMT-0700 (PDT): ryan to jen. now: 2
Fri Mar 22 2013 09:58:23 GMT-0700 (PDT): aaron to jen. now: 1
Fri Mar 22 2013 09:58:25 GMT-0700 (PDT): amber to jen. now: 1
Fri Mar 22 2013 09:58:27 GMT-0700 (PDT): court to jen. now: 1
Fri Mar 22 2013 09:58:29 GMT-0700 (PDT): josh to jen. now: 1
Fri Mar 22 2013 09:58:31 GMT-0700 (PDT): kenichi to jen. now: 1
Fri Mar 22 2013 09:58:33 GMT-0700 (PDT): nate to jen. now: 1
Fri Mar 22 2013 10:01:44 GMT-0700 (PDT): paul to court. now: 1
